<?xml version="1.0" encoding="UTF-8"?>
<!-- Generated by org.testng.reporters.JUnitReportReporter -->
<testsuite skipped="0" hostname="PNVS-LAB1PC-12" name="Functional.SimpleTest" tests="2" failures="0" timestamp="28 Feb 2019 07:35:44 GMT" time="0.009" errors="0">
  <testcase name="aFastTest" time="0.007" classname="Functional.SimpleTest"/>
  <testcase name="aSlowTest" time="0.002" classname="Functional.SimpleTest"/>
</testsuite> <!-- Functional.SimpleTest -->
